  [1m[35m (0.2ms)[0m  [1m[34mSELECT sqlite_version(*)[0m
  [1m[35m (152.5ms)[0m  [1m[35mCREATE TABLE "schema_migrations" ("version" varchar NOT NULL PRIMARY KEY)[0m
  [1m[35m (173.4ms)[0m  [1m[35mCREATE TABLE "ar_internal_metadata" ("key" varchar NOT NULL PRIMARY KEY, "value" varchar, "created_at" datetime NOT NULL, "updated_at" datetime NOT NULL)[0m
  [1m[35m (0.4ms)[0m  [1m[34mSELECT "schema_migrations"."version" FROM "schema_migrations" ORDER BY "schema_migrations"."version" ASC[0m
Migrating to CreatePosts (20180425012611)
  [1m[35m (0.2ms)[0m  [1m[36mbegin transaction[0m
  [1m[35m (0.8ms)[0m  [1m[35mCREATE TABLE "posts" ("id" INTEGER PRIMARY KEY AUTOINCREMENT NOT NULL, "title" varchar, "body" text, "created_at" datetime NOT NULL, "updated_at" datetime NOT NULL)[0m
  [1m[35mSQL (0.3ms)[0m  [1m[32mINSERT INTO "schema_migrations" ("version") VALUES (?)[0m  [["version", "20180425012611"]]
  [1m[35m (156.8ms)[0m  [1m[36mcommit transaction[0m
  [1m[36mActiveRecord::InternalMetadata Load (0.4ms)[0m  [1m[34mSELECT  "ar_internal_metadata".* FROM "ar_internal_metadata" WHERE "ar_internal_metadata"."key" = ? LIMIT ?[0m  [["key", "environment"], ["LIMIT", 1]]
  [1m[35m (0.2ms)[0m  [1m[36mbegin transaction[0m
  [1m[35mSQL (0.7ms)[0m  [1m[32mINSERT INTO "ar_internal_metadata" ("key", "value", "created_at", "updated_at") VALUES (?, ?, ?, ?)[0m  [["key", "environment"], ["value", "development"], ["created_at", "2018-04-25 01:26:51.068279"], ["updated_at", "2018-04-25 01:26:51.068279"]]
  [1m[35m (97.2ms)[0m  [1m[36mcommit transaction[0m
  [1m[35m (0.3ms)[0m  [1m[34mSELECT "schema_migrations"."version" FROM "schema_migrations" ORDER BY "schema_migrations"."version" ASC[0m
Started GET "/posts" for 127.0.0.1 at 2018-04-24 21:34:41 -0400
  [1m[35m (0.5ms)[0m  [1m[34mSELECT "schema_migrations"."version" FROM "schema_migrations" ORDER BY "schema_migrations"."version" ASC[0m
Processing by PostsController#index as HTML
  Rendering posts/index.html.erb within layouts/application
  [1m[36mPost Load (0.4ms)[0m  [1m[34mSELECT "posts".* FROM "posts"[0m
  Rendered posts/index.html.erb within layouts/application (6.0ms)
Completed 200 OK in 1418ms (Views: 1397.9ms | ActiveRecord: 0.8ms)


Started GET "/posts/new" for 127.0.0.1 at 2018-04-24 21:34:46 -0400
Processing by PostsController#new as HTML
  Rendering posts/new.html.erb within layouts/application
  Rendered posts/_form.html.erb (37.6ms)
  Rendered posts/new.html.erb within layouts/application (41.9ms)
Completed 200 OK in 110ms (Views: 88.7ms | ActiveRecord: 1.1ms)


Started POST "/posts" for 127.0.0.1 at 2018-04-24 21:38:41 -0400
Processing by PostsController#create as HTML
  Parameters: {"utf8"=>"✓", "authenticity_token"=>"2V8iqycerUpQVcA9gx/MFKarpMyHkQmvQ5RQgFB2H2gZgzG84alMxkkG/mvvNLh9dRmfU6HdkvXhPLOMMKnbLw==", "post"=>{"title"=>"World Cup 2018", "body"=>"The world cup will be held in June 2018. The 32 countries qualified for the competition will try to succeed to German who has won it four years ago. Mezut Ozil and his teammates will try to win it one more time. The players will represent their respective countries with pride while the fans will push their teams to the final victory from the stands or in front of their screens."}, "commit"=>"Create Post"}
  [1m[35m (0.2ms)[0m  [1m[36mbegin transaction[0m
  [1m[35mSQL (0.9ms)[0m  [1m[32mINSERT INTO "posts" ("title", "body", "created_at", "updated_at") VALUES (?, ?, ?, ?)[0m  [["title", "World Cup 2018"], ["body", "The world cup will be held in June 2018. The 32 countries qualified for the competition will try to succeed to German who has won it four years ago. Mezut Ozil and his teammates will try to win it one more time. The players will represent their respective countries with pride while the fans will push their teams to the final victory from the stands or in front of their screens."], ["created_at", "2018-04-25 01:38:41.626066"], ["updated_at", "2018-04-25 01:38:41.626066"]]
  [1m[35m (199.0ms)[0m  [1m[36mcommit transaction[0m
Redirected to http://localhost:3000/posts/1
Completed 302 Found in 214ms (ActiveRecord: 200.1ms)


Started GET "/posts/1" for 127.0.0.1 at 2018-04-24 21:38:41 -0400
Processing by PostsController#show as HTML
  Parameters: {"id"=>"1"}
  [1m[36mPost Load (0.5ms)[0m  [1m[34mSELECT  "posts".* FROM "posts" WHERE "posts"."id" = ? LIMIT ?[0m  [["id", 1], ["LIMIT", 1]]
  Rendering posts/show.html.erb within layouts/application
  Rendered posts/show.html.erb within layouts/application (4.3ms)
Completed 200 OK in 112ms (Views: 93.1ms | ActiveRecord: 0.5ms)


